nohup: ignoring input

> giropro-backend@1.0.0 dev
> nodemon src/app.ts

[33m[nodemon] 3.1.10[39m
[33m[nodemon] to restart at any time, enter `rs`[39m
[33m[nodemon] watching path(s): *.*[39m
[33m[nodemon] watching extensions: ts,json[39m
[32m[nodemon] starting `ts-node src/app.ts`[39m
node:events:502
      throw er; // Unhandled 'error' event
      ^

Error: EBADF: bad file descriptor, read
Emitted 'error' event on ReadStream instance at:
    at emitErrorNT (node:internal/streams/destroy:170:8)
    at errorOrDestroy (node:internal/streams/destroy:239:7)
    at node:internal/fs/streams:272:9
    at FSReqCallback.wrapper [as oncomplete] (node:fs:672:5) {
  errno: -9,
  code: 'EBADF',
  syscall: 'read'
}

Node.js v22.13.0
DB Path: giropro.db
SQLite Pragmas aplicados:
  journal_mode: [{"journal_mode":"wal"}]
  synchronous: [{"synchronous":1}]
  cache_size: [{"cache_size":2000}]
  temp_store: [{"temp_store":2}]
  mmap_size: [{"mmap_size":268435456}]
  optimize: []
  foreign_keys: [{"foreign_keys":1}]
  busy_timeout: [{"timeout":30000}]
Error: listen EADDRINUSE: address already in use 0.0.0.0:3000
    at Server.setupListenHandle [as _listen2] (node:net:1937:16)
    at listenInCluster (node:net:1994:12)
    at node:net:2203:7
    at processTicksAndRejections (node:internal/process/task_queues:90:21) {
  code: 'EADDRINUSE',
  errno: -98,
  syscall: 'listen',
  address: '0.0.0.0',
  port: 3000
}
